136:01 ------------------------------------------------------------
136:01 InitGame: \fs_game\mods/^1NO^31\sv_maxclients\32\version\CoD4 X 1.8 linux-i386 build 2055 May  2 2017\shortversion\1.8\build\2055\sv_floodprotect\4\sv_maxRate\25000\sv_voice\0\sv_maxPing\700\sv_minPing\0\sv_hostname\^1NO^31 ^5Esports Promod SND\_CoD4 X Site\http://cod4x.me\protocol\17\sv_privateClients\0\sv_disableClientConsole\0\g_mapStartTime\Fri Aug 17 18:34:40 2018\uptime\135 minutes\g_gametype\sd\mapname\mp_strike\sv_pure\1\_Admin\$TRE$$\gamename\Call of Duty 4\g_compassShowEnemies\0
137:57 ShutdownGame:
137:57 ------------------------------------------------------------
137:57 ------------------------------------------------------------
137:57 InitGame: \fs_game\mods/^1NO^31\sv_maxclients\32\version\CoD4 X 1.8 linux-i386 build 2055 May  2 2017\shortversion\1.8\build\2055\sv_floodprotect\4\sv_maxRate\25000\sv_voice\0\sv_maxPing\700\sv_minPing\0\sv_hostname\^1NO^31 ^5Esports Promod SND\_CoD4 X Site\http://cod4x.me\protocol\17\sv_privateClients\0\sv_disableClientConsole\0\g_mapStartTime\Fri Aug 17 18:34:40 2018\uptime\137 minutes\g_gametype\sd\mapname\mp_strike\sv_pure\1\_Admin\$TRE$$\gamename\Call of Duty 4\g_compassShowEnemies\0
138:49 J;2310346617315412321;0;$TRE$$[scope train]
139:25 P_P;2310346617315412321;0;$TRE$$[scope train]
140:10 D;2310346617315412321;0;allies;$TRE$$[scope train];;-1;world;;none;6;MOD_FALLING;none
140:15 ShutdownGame:
140:15 ------------------------------------------------------------
140:15 ------------------------------------------------------------
140:15 InitGame: \fs_game\mods/^1NO^31\sv_maxclients\32\version\CoD4 X 1.8 linux-i386 build 2055 May  2 2017\shortversion\1.8\build\2055\sv_floodprotect\4\sv_maxRate\25000\sv_voice\0\sv_maxPing\700\sv_minPing\0\sv_hostname\^1NO^31 ^5Esports Promod SND\_CoD4 X Site\http://cod4x.me\protocol\17\sv_privateClients\0\sv_disableClientConsole\0\g_mapStartTime\Fri Aug 17 18:34:40 2018\uptime\140 minutes\g_gametype\sd\mapname\mp_strike\sv_pure\1\_Admin\$TRE$$\gamename\Call of Duty 4\g_compassShowEnemies\0
140:15 J;2310346617315412321;0;$TRE$$[scope train]
140:46 P_P;2310346617315412321;0;$TRE$$[scope train]
141:36 ShutdownGame:
141:36 ------------------------------------------------------------
141:36 ------------------------------------------------------------
141:36 InitGame: \fs_game\mods/^1NO^31\sv_maxclients\32\version\CoD4 X 1.8 linux-i386 build 2055 May  2 2017\shortversion\1.8\build\2055\sv_floodprotect\4\sv_maxRate\25000\sv_voice\0\sv_maxPing\700\sv_minPing\0\sv_hostname\^1NO^31 ^5Esports Promod SND\_CoD4 X Site\http://cod4x.me\protocol\17\sv_privateClients\0\sv_disableClientConsole\0\g_mapStartTime\Fri Aug 17 18:34:40 2018\uptime\141 minutes\g_gametype\sd\mapname\mp_strike\sv_pure\1\_Admin\$TRE$$\gamename\Call of Duty 4\g_compassShowEnemies\0
141:36 J;2310346617315412321;0;$TRE$$[scope train]
142:09 P_P;2310346617315412321;0;$TRE$$[scope train]
142:58 ShutdownGame:
142:58 ------------------------------------------------------------
142:58 ------------------------------------------------------------
142:58 InitGame: \fs_game\mods/^1NO^31\sv_maxclients\32\version\CoD4 X 1.8 linux-i386 build 2055 May  2 2017\shortversion\1.8\build\2055\sv_floodprotect\4\sv_maxRate\25000\sv_voice\0\sv_maxPing\700\sv_minPing\0\sv_hostname\^1NO^31 ^5Esports Promod SND\_CoD4 X Site\http://cod4x.me\protocol\17\sv_privateClients\0\sv_disableClientConsole\0\g_mapStartTime\Fri Aug 17 18:34:40 2018\uptime\142 minutes\g_gametype\sd\mapname\mp_strike\sv_pure\1\_Admin\$TRE$$\gamename\Call of Duty 4\g_compassShowEnemies\0
142:58 J;2310346617315412321;0;$TRE$$[scope train]
143:41 P_P;2310346617315412321;0;$TRE$$[scope train]
144:30 ShutdownGame:
144:30 ------------------------------------------------------------
144:30 ------------------------------------------------------------
144:30 InitGame: \fs_game\mods/^1NO^31\sv_maxclients\32\version\CoD4 X 1.8 linux-i386 build 2055 May  2 2017\shortversion\1.8\build\2055\sv_floodprotect\4\sv_maxRate\25000\sv_voice\0\sv_maxPing\700\sv_minPing\0\sv_hostname\^1NO^31 ^5Esports Promod SND\_CoD4 X Site\http://cod4x.me\protocol\17\sv_privateClients\0\sv_disableClientConsole\0\g_mapStartTime\Fri Aug 17 18:34:40 2018\uptime\144 minutes\g_gametype\sd\mapname\mp_strike\sv_pure\1\_Admin\$TRE$$\gamename\Call of Duty 4\g_compassShowEnemies\0
144:31 J;2310346617315412321;0;$TRE$$[scope train]
146:26 ShutdownGame:
146:26 ------------------------------------------------------------
146:26 ------------------------------------------------------------
146:26 InitGame: \fs_game\mods/^1NO^31\sv_maxclients\32\version\CoD4 X 1.8 linux-i386 build 2055 May  2 2017\shortversion\1.8\build\2055\sv_floodprotect\4\sv_maxRate\25000\sv_voice\0\sv_maxPing\700\sv_minPing\0\sv_hostname\^1NO^31 ^5Esports Promod SND\_CoD4 X Site\http://cod4x.me\protocol\17\sv_privateClients\0\sv_disableClientConsole\0\g_mapStartTime\Fri Aug 17 18:34:40 2018\uptime\146 minutes\g_gametype\sd\mapname\mp_strike\sv_pure\1\_Admin\$TRE$$\gamename\Call of Duty 4\g_compassShowEnemies\0
146:26 J;2310346617315412321;0;$TRE$$[scope train]
148:22 ShutdownGame:
148:22 ------------------------------------------------------------
148:22 ------------------------------------------------------------
148:22 InitGame: \fs_game\mods/^1NO^31\sv_maxclients\32\version\CoD4 X 1.8 linux-i386 build 2055 May  2 2017\shortversion\1.8\build\2055\sv_floodprotect\4\sv_maxRate\25000\sv_voice\0\sv_maxPing\700\sv_minPing\0\sv_hostname\^1NO^31 ^5Esports Promod SND\_CoD4 X Site\http://cod4x.me\protocol\17\sv_privateClients\0\sv_disableClientConsole\0\g_mapStartTime\Fri Aug 17 18:34:40 2018\uptime\148 minutes\g_gametype\sd\mapname\mp_strike\sv_pure\1\_Admin\$TRE$$\gamename\Call of Duty 4\g_compassShowEnemies\0
148:22 J;2310346617315412321;0;$TRE$$[scope train]
149:53 Q;2310346617315412321;0;$TRE$$[scope train]
149:53 P_A;2310346617315412321;0;$TRE$$[scope train];11;0;0;0;0;0
149:57 ShutdownGame:
149:57 ------------------------------------------------------------
149:57 ------------------------------------------------------------
149:57 InitGame: \fs_game\mods/^1NO^31\sv_maxclients\32\version\CoD4 X 1.8 linux-i386 build 2055 May  2 2017\shortversion\1.8\build\2055\sv_floodprotect\4\sv_maxRate\25000\sv_voice\0\sv_maxPing\700\sv_minPing\0\sv_hostname\^1NO^31 ^5Esports Promod SND\_CoD4 X Site\http://cod4x.me\protocol\17\sv_privateClients\0\sv_disableClientConsole\0\g_mapStartTime\Fri Aug 17 18:34:40 2018\uptime\149 minutes\g_gametype\sd\mapname\mp_strike\sv_pure\1\_Admin\$TRE$$\gamename\Call of Duty 4\g_compassShowEnemies\0
150:11 ShutdownGame:
150:11 ------------------------------------------------------------
  0:00 ------------------------------------------------------------
  0:00 InitGame: \fs_game\mods/^1NO^31\sv_maxclients\32\version\CoD4 X 1.8 linux-i386 build 2055 May  2 2017\shortversion\1.8\build\2055\_CoD4 X Site\http://cod4x.me\protocol\17\sv_privateClients\0\sv_hostname\^1NO^31 ^5Esports Promod SND\sv_minPing\0\sv_maxPing\0\sv_disableClientConsole\0\sv_voice\0\g_mapStartTime\Fri Aug 17 19:09:22 2018\g_gametype\sd\mapname\mp_backlot\sv_maxRate\100000\sv_floodprotect\4\sv_pure\1\_Admin\$TRE$$\gamename\Call of Duty 4\g_compassShowEnemies\0
  0:37 J;2310346617315412321;0;$TRE$$[scope train]
  0:47 sayteam;2310346617315412321;0;$TRE$$[scope train];QUICKMESSAGE_NO_SIR
  0:51 sayteam;2310346617315412321;0;$TRE$$[scope train];QUICKMESSAGE_NO_SIR
  1:43 D;2310346617315412321;0;allies;$TRE$$[scope train];;-1;world;;none;27;MOD_FALLING;none
  2:05 ShutdownGame:
  2:05 ------------------------------------------------------------
  2:05 ------------------------------------------------------------
  2:05 InitGame: \fs_game\mods/^1NO^31\sv_maxclients\32\version\CoD4 X 1.8 linux-i386 build 2055 May  2 2017\shortversion\1.8\build\2055\_CoD4 X Site\http://cod4x.me\protocol\17\sv_privateClients\0\sv_hostname\^1NO^31 ^5Esports Promod SND\sv_minPing\0\sv_maxPing\700\sv_disableClientConsole\0\sv_voice\0\g_mapStartTime\Fri Aug 17 19:09:22 2018\uptime\2 minutes\g_gametype\sd\mapname\mp_backlot\sv_maxRate\25000\sv_floodprotect\4\sv_pure\1\_Admin\$TRE$$\gamename\Call of Duty 4\g_compassShowEnemies\0
  2:06 J;2310346617315412321;0;$TRE$$[scope train]
  4:01 ShutdownGame:
  4:01 ------------------------------------------------------------
  4:01 ------------------------------------------------------------
  4:01 InitGame: \fs_game\mods/^1NO^31\sv_maxclients\32\version\CoD4 X 1.8 linux-i386 build 2055 May  2 2017\shortversion\1.8\build\2055\_CoD4 X Site\http://cod4x.me\protocol\17\sv_privateClients\0\sv_hostname\^1NO^31 ^5Esports Promod SND\sv_minPing\0\sv_maxPing\700\sv_disableClientConsole\0\sv_voice\0\g_mapStartTime\Fri Aug 17 19:09:22 2018\uptime\4 minutes\g_gametype\sd\mapname\mp_backlot\sv_maxRate\25000\sv_floodprotect\4\sv_pure\1\_Admin\$TRE$$\gamename\Call of Duty 4\g_compassShowEnemies\0
  4:01 J;2310346617315412321;0;$TRE$$[scope train]
  5:57 ShutdownGame:
  5:57 ------------------------------------------------------------
  5:57 ------------------------------------------------------------
  5:57 InitGame: \fs_game\mods/^1NO^31\sv_maxclients\32\version\CoD4 X 1.8 linux-i386 build 2055 May  2 2017\shortversion\1.8\build\2055\_CoD4 X Site\http://cod4x.me\protocol\17\sv_privateClients\0\sv_hostname\^1NO^31 ^5Esports Promod SND\sv_minPing\0\sv_maxPing\700\sv_disableClientConsole\0\sv_voice\0\g_mapStartTime\Fri Aug 17 19:09:22 2018\uptime\6 minutes\g_gametype\sd\mapname\mp_backlot\sv_maxRate\25000\sv_floodprotect\4\sv_pure\1\_Admin\$TRE$$\gamename\Call of Duty 4\g_compassShowEnemies\0
  5:57 J;2310346617315412321;0;$TRE$$[scope train]
  7:52 ShutdownGame:
  7:52 ------------------------------------------------------------
  7:52 ------------------------------------------------------------
  7:52 InitGame: \fs_game\mods/^1NO^31\sv_maxclients\32\version\CoD4 X 1.8 linux-i386 build 2055 May  2 2017\shortversion\1.8\build\2055\_CoD4 X Site\http://cod4x.me\protocol\17\sv_privateClients\0\sv_hostname\^1NO^31 ^5Esports Promod SND\sv_minPing\0\sv_maxPing\700\sv_disableClientConsole\0\sv_voice\0\g_mapStartTime\Fri Aug 17 19:09:22 2018\uptime\8 minutes\g_gametype\sd\mapname\mp_backlot\sv_maxRate\25000\sv_floodprotect\4\sv_pure\1\_Admin\$TRE$$\gamename\Call of Duty 4\g_compassShowEnemies\0
  7:53 J;2310346617315412321;0;$TRE$$[scope train]
  9:48 ShutdownGame:
  9:48 ------------------------------------------------------------
  9:48 ------------------------------------------------------------
  9:48 InitGame: \fs_game\mods/^1NO^31\sv_maxclients\32\version\CoD4 X 1.8 linux-i386 build 2055 May  2 2017\shortversion\1.8\build\2055\_CoD4 X Site\http://cod4x.me\protocol\17\sv_privateClients\0\sv_hostname\^1NO^31 ^5Esports Promod SND\sv_minPing\0\sv_maxPing\700\sv_disableClientConsole\0\sv_voice\0\g_mapStartTime\Fri Aug 17 19:09:22 2018\uptime\10 minutes\g_gametype\sd\mapname\mp_backlot\sv_maxRate\25000\sv_floodprotect\4\sv_pure\1\_Admin\$TRE$$\gamename\Call of Duty 4\g_compassShowEnemies\0
  9:48 J;2310346617315412321;0;$TRE$$[scope train]
 11:47 ShutdownGame:
 11:47 ------------------------------------------------------------
 11:47 ------------------------------------------------------------
 11:47 InitGame: \fs_game\mods/^1NO^31\sv_maxclients\32\version\CoD4 X 1.8 linux-i386 build 2055 May  2 2017\shortversion\1.8\build\2055\_CoD4 X Site\http://cod4x.me\protocol\17\sv_privateClients\0\sv_hostname\^1NO^31 ^5Esports Promod SND\sv_minPing\0\sv_maxPing\700\sv_disableClientConsole\0\sv_voice\0\g_mapStartTime\Fri Aug 17 19:09:22 2018\uptime\12 minutes\g_gametype\sd\mapname\mp_backlot\sv_maxRate\25000\sv_floodprotect\4\sv_pure\1\_Admin\$TRE$$\gamename\Call of Duty 4\g_compassShowEnemies\0
 11:48 J;2310346617315412321;0;$TRE$$[scope train]
 13:43 ShutdownGame:
 13:43 ------------------------------------------------------------
 13:43 ------------------------------------------------------------
 13:43 InitGame: \fs_game\mods/^1NO^31\sv_maxclients\32\version\CoD4 X 1.8 linux-i386 build 2055 May  2 2017\shortversion\1.8\build\2055\_CoD4 X Site\http://cod4x.me\protocol\17\sv_privateClients\0\sv_hostname\^1NO^31 ^5Esports Promod SND\sv_minPing\0\sv_maxPing\700\sv_disableClientConsole\0\sv_voice\0\g_mapStartTime\Fri Aug 17 19:09:22 2018\uptime\14 minutes\g_gametype\sd\mapname\mp_backlot\sv_maxRate\25000\sv_floodprotect\4\sv_pure\1\_Admin\$TRE$$\gamename\Call of Duty 4\g_compassShowEnemies\0
 13:43 J;2310346617315412321;0;$TRE$$[scope train]
 15:39 ShutdownGame:
 15:39 ------------------------------------------------------------
 15:39 ------------------------------------------------------------
 15:39 InitGame: \fs_game\mods/^1NO^31\sv_maxclients\32\version\CoD4 X 1.8 linux-i386 build 2055 May  2 2017\shortversion\1.8\build\2055\_CoD4 X Site\http://cod4x.me\protocol\17\sv_privateClients\0\sv_hostname\^1NO^31 ^5Esports Promod SND\sv_minPing\0\sv_maxPing\700\sv_disableClientConsole\0\sv_voice\0\g_mapStartTime\Fri Aug 17 19:09:22 2018\uptime\16 minutes\g_gametype\sd\mapname\mp_backlot\sv_maxRate\25000\sv_floodprotect\4\sv_pure\1\_Admin\$TRE$$\gamename\Call of Duty 4\g_compassShowEnemies\0
 15:39 J;2310346617315412321;0;$TRE$$[scope train]
 17:34 ShutdownGame:
 17:34 ------------------------------------------------------------
 17:34 ------------------------------------------------------------
 17:34 InitGame: \fs_game\mods/^1NO^31\sv_maxclients\32\version\CoD4 X 1.8 linux-i386 build 2055 May  2 2017\shortversion\1.8\build\2055\_CoD4 X Site\http://cod4x.me\protocol\17\sv_privateClients\0\sv_hostname\^1NO^31 ^5Esports Promod SND\sv_minPing\0\sv_maxPing\700\sv_disableClientConsole\0\sv_voice\0\g_mapStartTime\Fri Aug 17 19:09:22 2018\uptime\18 minutes\g_gametype\sd\mapname\mp_backlot\sv_maxRate\25000\sv_floodprotect\4\sv_pure\1\_Admin\$TRE$$\gamename\Call of Duty 4\g_compassShowEnemies\0
 17:35 J;2310346617315412321;0;$TRE$$[scope train]
 19:30 ShutdownGame:
 19:30 ------------------------------------------------------------
 19:30 ------------------------------------------------------------
 19:30 InitGame: \fs_game\mods/^1NO^31\sv_maxclients\32\version\CoD4 X 1.8 linux-i386 build 2055 May  2 2017\shortversion\1.8\build\2055\_CoD4 X Site\http://cod4x.me\protocol\17\sv_privateClients\0\sv_hostname\^1NO^31 ^5Esports Promod SND\sv_minPing\0\sv_maxPing\700\sv_disableClientConsole\0\sv_voice\0\g_mapStartTime\Fri Aug 17 19:09:22 2018\uptime\20 minutes\g_gametype\sd\mapname\mp_backlot\sv_maxRate\25000\sv_floodprotect\4\sv_pure\1\_Admin\$TRE$$\gamename\Call of Duty 4\g_compassShowEnemies\0
 19:30 J;2310346617315412321;0;$TRE$$[scope train]
 21:26 ShutdownGame:
 21:26 ------------------------------------------------------------
 21:26 ------------------------------------------------------------
 21:26 InitGame: \fs_game\mods/^1NO^31\sv_maxclients\32\version\CoD4 X 1.8 linux-i386 build 2055 May  2 2017\shortversion\1.8\build\2055\_CoD4 X Site\http://cod4x.me\protocol\17\sv_privateClients\0\sv_hostname\^1NO^31 ^5Esports Promod SND\sv_minPing\0\sv_maxPing\700\sv_disableClientConsole\0\sv_voice\0\g_mapStartTime\Fri Aug 17 19:09:22 2018\uptime\22 minutes\g_gametype\sd\mapname\mp_backlot\sv_maxRate\25000\sv_floodprotect\4\sv_pure\1\_Admin\$TRE$$\gamename\Call of Duty 4\g_compassShowEnemies\0
 21:26 J;2310346617315412321;0;$TRE$$[scope train]
 23:09 D;2310346617315412321;0;axis;$TRE$$[scope train];;-1;world;;none;6;MOD_FALLING;none
 23:25 ShutdownGame:
 23:25 ------------------------------------------------------------
 23:25 ------------------------------------------------------------
 23:25 InitGame: \fs_game\mods/^1NO^31\sv_maxclients\32\version\CoD4 X 1.8 linux-i386 build 2055 May  2 2017\shortversion\1.8\build\2055\_CoD4 X Site\http://cod4x.me\protocol\17\sv_privateClients\0\sv_hostname\^1NO^31 ^5Esports Promod SND\sv_minPing\0\sv_maxPing\700\sv_disableClientConsole\0\sv_voice\0\g_mapStartTime\Fri Aug 17 19:09:22 2018\uptime\24 minutes\g_gametype\sd\mapname\mp_backlot\sv_maxRate\25000\sv_floodprotect\4\sv_pure\1\_Admin\$TRE$$\gamename\Call of Duty 4\g_compassShowEnemies\0
 23:25 J;2310346617315412321;0;$TRE$$[scope train]
 24:05 P_P;2310346617315412321;0;$TRE$$[scope train]
 24:54 ShutdownGame:
 24:54 ------------------------------------------------------------
 24:54 ------------------------------------------------------------
 24:54 InitGame: \fs_game\mods/^1NO^31\sv_maxclients\32\version\CoD4 X 1.8 linux-i386 build 2055 May  2 2017\shortversion\1.8\build\2055\_CoD4 X Site\http://cod4x.me\protocol\17\sv_privateClients\0\sv_hostname\^1NO^31 ^5Esports Promod SND\sv_minPing\0\sv_maxPing\700\sv_disableClientConsole\0\sv_voice\0\g_mapStartTime\Fri Aug 17 19:09:22 2018\uptime\25 minutes\g_gametype\sd\mapname\mp_backlot\sv_maxRate\25000\sv_floodprotect\4\sv_pure\1\_Admin\$TRE$$\gamename\Call of Duty 4\g_compassShowEnemies\0
 24:55 J;2310346617315412321;0;$TRE$$[scope train]
 25:23 P_P;2310346617315412321;0;$TRE$$[scope train]
 26:12 ShutdownGame:
 26:12 ------------------------------------------------------------
 26:12 ------------------------------------------------------------
 26:12 InitGame: \fs_game\mods/^1NO^31\sv_maxclients\32\version\CoD4 X 1.8 linux-i386 build 2055 May  2 2017\shortversion\1.8\build\2055\_CoD4 X Site\http://cod4x.me\protocol\17\sv_privateClients\0\sv_hostname\^1NO^31 ^5Esports Promod SND\sv_minPing\0\sv_maxPing\700\sv_disableClientConsole\0\sv_voice\0\g_mapStartTime\Fri Aug 17 19:09:22 2018\uptime\27 minutes\g_gametype\sd\mapname\mp_backlot\sv_maxRate\25000\sv_floodprotect\4\sv_pure\1\_Admin\$TRE$$\gamename\Call of Duty 4\g_compassShowEnemies\0
 26:13 J;2310346617315412321;0;$TRE$$[scope train]
 26:37 D;2310346617315412321;0;allies;$TRE$$[scope train];;-1;world;;none;38;MOD_FALLING;none
 26:47 P_P;2310346617315412321;0;$TRE$$[scope train]
 27:29 D;2310346617315412321;0;allies;$TRE$$[scope train];;-1;world;;none;60;MOD_FALLING;none
 27:37 ShutdownGame:
 27:37 ------------------------------------------------------------
 27:37 ------------------------------------------------------------
 27:37 InitGame: \fs_game\mods/^1NO^31\sv_maxclients\32\version\CoD4 X 1.8 linux-i386 build 2055 May  2 2017\shortversion\1.8\build\2055\_CoD4 X Site\http://cod4x.me\protocol\17\sv_privateClients\0\sv_hostname\^1NO^31 ^5Esports Promod SND\sv_minPing\0\sv_maxPing\700\sv_disableClientConsole\0\sv_voice\0\g_mapStartTime\Fri Aug 17 19:09:22 2018\uptime\28 minutes\g_gametype\sd\mapname\mp_backlot\sv_maxRate\25000\sv_floodprotect\4\sv_pure\1\_Admin\$TRE$$\gamename\Call of Duty 4\g_compassShowEnemies\0
 27:37 J;2310346617315412321;0;$TRE$$[scope train]
 28:20 sayteam;2310346617315412321;0;$TRE$$[scope train];QUICKMESSAGE_NO_SIR
 28:29 P_P;2310346617315412321;0;$TRE$$[scope train]
 28:43 D;2310346617315412321;0;allies;$TRE$$[scope train];;-1;world;;none;9;MOD_FALLING;none
 29:18 ShutdownGame:
 29:18 ------------------------------------------------------------
 29:18 ------------------------------------------------------------
 29:18 InitGame: \fs_game\mods/^1NO^31\sv_maxclients\32\version\CoD4 X 1.8 linux-i386 build 2055 May  2 2017\shortversion\1.8\build\2055\_CoD4 X Site\http://cod4x.me\protocol\17\sv_privateClients\0\sv_hostname\^1NO^31 ^5Esports Promod SND\sv_minPing\0\sv_maxPing\700\sv_disableClientConsole\0\sv_voice\0\g_mapStartTime\Fri Aug 17 19:09:22 2018\uptime\29 minutes\g_gametype\sd\mapname\mp_backlot\sv_maxRate\25000\sv_floodprotect\4\sv_pure\1\_Admin\$TRE$$\gamename\Call of Duty 4\g_compassShowEnemies\0
 29:19 J;2310346617315412321;0;$TRE$$[scope train]
 30:01 P_P;2310346617315412321;0;$TRE$$[scope train]
 30:42 D;2310346617315412321;0;allies;$TRE$$[scope train];;-1;world;;none;4;MOD_FALLING;none
 30:50 ShutdownGame:
 30:50 ------------------------------------------------------------
 30:50 ------------------------------------------------------------
 30:50 InitGame: \fs_game\mods/^1NO^31\sv_maxclients\32\version\CoD4 X 1.8 linux-i386 build 2055 May  2 2017\shortversion\1.8\build\2055\_CoD4 X Site\http://cod4x.me\protocol\17\sv_privateClients\0\sv_hostname\^1NO^31 ^5Esports Promod SND\sv_minPing\0\sv_maxPing\700\sv_disableClientConsole\0\sv_voice\0\g_mapStartTime\Fri Aug 17 19:09:22 2018\uptime\31 minutes\g_gametype\sd\mapname\mp_backlot\sv_maxRate\25000\sv_floodprotect\4\sv_pure\1\_Admin\$TRE$$\gamename\Call of Duty 4\g_compassShowEnemies\0
 30:51 J;2310346617315412321;0;$TRE$$[scope train]
 31:07 sayteam;2310346617315412321;0;$TRE$$[scope train];QUICKMESSAGE_NO_SIR
 31:24 P_P;2310346617315412321;0;$TRE$$[scope train]
 31:49 D;2310346617315412321;0;allies;$TRE$$[scope train];;-1;world;;none;11;MOD_FALLING;none
 32:03 D;2310346617315412321;0;allies;$TRE$$[scope train];2310346617315412321;0;allies;$TRE$$[scope train];frag_grenade_mp;79;MOD_GRENADE_SPLASH;none
 32:17 ShutdownGame:
 32:17 ------------------------------------------------------------
 32:17 ------------------------------------------------------------
 32:17 InitGame: \fs_game\mods/^1NO^31\sv_maxclients\32\version\CoD4 X 1.8 linux-i386 build 2055 May  2 2017\shortversion\1.8\build\2055\_CoD4 X Site\http://cod4x.me\protocol\17\sv_privateClients\0\sv_hostname\^1NO^31 ^5Esports Promod SND\sv_minPing\0\sv_maxPing\700\sv_disableClientConsole\0\sv_voice\0\g_mapStartTime\Fri Aug 17 19:09:22 2018\uptime\32 minutes\g_gametype\sd\mapname\mp_backlot\sv_maxRate\25000\sv_floodprotect\4\sv_pure\1\_Admin\$TRE$$\gamename\Call of Duty 4\g_compassShowEnemies\0
 32:17 J;2310346617315412321;0;$TRE$$[scope train]
 33:03 D;2310346617315412321;0;axis;$TRE$$[scope train];;-1;world;;none;28;MOD_FALLING;none
 34:11 P_A;2310346617315412321;0;$TRE$$[scope train];246;0;0;0;0;0
 34:22 ExitLevel: executed
 34:22 ShutdownGame:
 34:22 ------------------------------------------------------------
 34:22 ------------------------------------------------------------
 34:22 InitGame: \fs_game\mods/^1NO^31\sv_maxclients\32\version\CoD4 X 1.8 linux-i386 build 2055 May  2 2017\shortversion\1.8\build\2055\_CoD4 X Site\http://cod4x.me\protocol\17\sv_privateClients\0\sv_hostname\^1NO^31 ^5Esports Promod SND\sv_minPing\0\sv_maxPing\700\sv_disableClientConsole\0\sv_voice\0\g_mapStartTime\Fri Aug 17 19:43:33 2018\uptime\35 minutes\g_gametype\sd\mapname\mp_crossfire\sv_maxRate\25000\sv_floodprotect\4\sv_pure\1\_Admin\$TRE$$\gamename\Call of Duty 4\g_compassShowEnemies\0
 34:32 J;2310346617315412321;0;$TRE$$[scope train]
 34:35 Q;2310346617315412321;0;$TRE$$[scope train]
 34:52 ShutdownGame:
 34:52 ------------------------------------------------------------
