
Logfile opened on Fri Aug 17 19:09:22 2018


sv_maxclients is write protected.
net_port will be changed upon restarting.
couldn't exec vip.cfg
map_rotate...
"sv_mapRotation" is: " gametype sd map mp_backlot gametype sd map mp_crossfire gametype sd map mp_crash gametype sd map mp_strike "

"sv_mapRotationCurrent" is: ""

------ Server Initialization ------
Server: mp_backlot
^3Warning: WARNING: Invalid IWD xiceops_00.iwd in \main.
Current language: english
Current fs_basepath: /home/iszee/Desktop/cod4/server/cod4
Current fs_homepath: /home/iszee/Desktop/cod4/server/cod4
Current search path:
/home/iszee/Desktop/cod4/server/cod4/mods/^1NO^31/pml220.iwd (89 files)
/home/iszee/Desktop/cod4/server/cod4/mods/^1NO^31
/home/iszee/Desktop/cod4/server/cod4/usermaps/mp_backlot
/home/iszee/Desktop/cod4/server/cod4/main/xbase_00.iwd (20 files)
/home/iszee/Desktop/cod4/server/cod4/main/iw_13.iwd (265 files)
/home/iszee/Desktop/cod4/server/cod4/main/iw_12.iwd (33 files)
/home/iszee/Desktop/cod4/server/cod4/main/iw_11.iwd (448 files)
/home/iszee/Desktop/cod4/server/cod4/main/iw_10.iwd (230 files)
/home/iszee/Desktop/cod4/server/cod4/main/iw_09.iwd (447 files)
/home/iszee/Desktop/cod4/server/cod4/main/iw_08.iwd (66 files)
/home/iszee/Desktop/cod4/server/cod4/main/iw_07.iwd (34 files)
/home/iszee/Desktop/cod4/server/cod4/main/iw_06.iwd (416 files)
/home/iszee/Desktop/cod4/server/cod4/main/iw_05.iwd (716 files)
/home/iszee/Desktop/cod4/server/cod4/main/iw_04.iwd (765 files)
/home/iszee/Desktop/cod4/server/cod4/main/iw_03.iwd (670 files)
/home/iszee/Desktop/cod4/server/cod4/main/iw_02.iwd (1296 files)
/home/iszee/Desktop/cod4/server/cod4/main/iw_01.iwd (1456 files)
/home/iszee/Desktop/cod4/server/cod4/main/iw_00.iwd (1054 files)
/home/iszee/Desktop/cod4/server/cod4/main
/home/iszee/Desktop/cod4/server/cod4/main_shared
/home/iszee/Desktop/cod4/server/cod4/players
/home/iszee/Desktop/cod4/server/cod4/main/localized_english_iw06.iwd (7 files)
    localized assets iwd file for english
/home/iszee/Desktop/cod4/server/cod4/main/localized_english_iw05.iwd (1338 files)
    localized assets iwd file for english
/home/iszee/Desktop/cod4/server/cod4/main/localized_english_iw04.iwd (1730 files)
    localized assets iwd file for english
/home/iszee/Desktop/cod4/server/cod4/main/localized_english_iw03.iwd (3705 files)
    localized assets iwd file for english
/home/iszee/Desktop/cod4/server/cod4/main/localized_english_iw02.iwd (3483 files)
    localized assets iwd file for english
/home/iszee/Desktop/cod4/server/cod4/main/localized_english_iw01.iwd (3181 files)
    localized assets iwd file for english
/home/iszee/Desktop/cod4/server/cod4/main/localized_english_iw00.iwd (2903 files)
    localized assets iwd file for english

File Handles:
handle 1: qconsole.log
----------------------
24352 files in iwd files
Unloaded fastfile ui_mp
Loading fastfile mp_backlot
Loaded zone 'mp_backlot'
------- Game Initialization -------
gamename: Call of Duty 4
gamedate: Aug  1 2011
fs_ignoreLocalized is cheat protected.
^1Error: Missing soundalias "weap_m249saw_turret_fire_plr".
-----------------------------------
g_antilag is read only.
^1Error: Missing soundalias "weap_minigun_fire_plr".
^1Error: Missing soundalias "weap_intervention_fire_npc".
^1Error: Missing soundalias "weap_intervention_fire_plr".
By using this software you agree to the usage conditions you can find at https://github.com/callofduty4x/CoD4x_Server#usage-conditions-for-server-hosters
-----------------------------------
^4Calculate referenced files checksums...
^4CRC32 for main/iw_11.iwd is e9cf411f Len 151420446
^4CRC32 for mods/^1NO^31/pml220.iwd is 3808684 Len 12536231
^4CRC32 for zone/english/code_post_gfx_mp.ff is b144581c Len 89196
^4CRC32 for zone/english/mp_backlot.ff is f4cc856b Len 39998207
^4CRC32 for zone/english/common_mp.ff is 4ef7a074 Len 13517381
^4CRC32 for mods/^1NO^31/mod.ff is e600d4dc Len 641820
Steam: Server connected successfully
GameServer is not VAC Secure!
GameServer SteamID: [A:1:222236682]
Resolving cod4master.activision.com 
cod4master.activision.com resolved to 185.34.104.231:20810
Resolving cod4master.activision.com
cod4master.activision.com resolved to 185.34.104.231:20800
^5Hitch warning: 3205 msec frame time
Going from CS_FREE to CS_CONNECTED for $TRE$$[scope train] num 0 from: 192.168.56.1:28960<=>0.0.0.0:28960
SV_ExecuteReliableMessage() cmd: 8
^2Processed 71 bytes for client $TRE$$[scope train]
SV_ExecuteReliableMessage() cmd: 8
^2Processed 6 bytes for client $TRE$$[scope train]
SV_ExecuteReliableMessage() cmd: 9
Received packet 0 of stats data
^2Processed 8201 bytes for client $TRE$$[scope train]
Say $TRE$$[scope train]: QUICKMESSAGE_NO_SIR
Say $TRE$$[scope train]: QUICKMESSAGE_NO_SIR
==== ShutdownGame (0) ====
------- Game Initialization -------
gamename: Call of Duty 4
gamedate: Aug  1 2011
-----------------------------------
==== ShutdownGame (0) ====
------- Game Initialization -------
gamename: Call of Duty 4
gamedate: Aug  1 2011
-----------------------------------
==== ShutdownGame (0) ====
------- Game Initialization -------
gamename: Call of Duty 4
gamedate: Aug  1 2011
-----------------------------------
Steam: Server got logged out
==== ShutdownGame (0) ====
------- Game Initialization -------
gamename: Call of Duty 4
gamedate: Aug  1 2011
-----------------------------------
Steam: Server failed to connect
Steam: Server connected successfully
GameServer is not VAC Secure!
GameServer SteamID: [A:1:222236682]
==== ShutdownGame (0) ====
------- Game Initialization -------
gamename: Call of Duty 4
gamedate: Aug  1 2011
-----------------------------------
==== ShutdownGame (0) ====
------- Game Initialization -------
gamename: Call of Duty 4
gamedate: Aug  1 2011
-----------------------------------
Invalid or empty response from masterserver
==== ShutdownGame (0) ====
------- Game Initialization -------
gamename: Call of Duty 4
gamedate: Aug  1 2011
-----------------------------------
==== ShutdownGame (0) ====
------- Game Initialization -------
gamename: Call of Duty 4
gamedate: Aug  1 2011
-----------------------------------
==== ShutdownGame (0) ====
------- Game Initialization -------
gamename: Call of Duty 4
gamedate: Aug  1 2011
-----------------------------------
==== ShutdownGame (0) ====
------- Game Initialization -------
gamename: Call of Duty 4
gamedate: Aug  1 2011
-----------------------------------
==== ShutdownGame (0) ====
------- Game Initialization -------
gamename: Call of Duty 4
gamedate: Aug  1 2011
-----------------------------------
==== ShutdownGame (0) ====
------- Game Initialization -------
gamename: Call of Duty 4
gamedate: Aug  1 2011
-----------------------------------
^3SetTargetEnt() called on a non-broadcasting entity, may not show in client snapshots
==== ShutdownGame (0) ====
------- Game Initialization -------
gamename: Call of Duty 4
gamedate: Aug  1 2011
-----------------------------------
^3SetTargetEnt() called on a non-broadcasting entity, may not show in client snapshots
==== ShutdownGame (0) ====
------- Game Initialization -------
gamename: Call of Duty 4
gamedate: Aug  1 2011
-----------------------------------
^3SetTargetEnt() called on a non-broadcasting entity, may not show in client snapshots
==== ShutdownGame (0) ====
------- Game Initialization -------
gamename: Call of Duty 4
gamedate: Aug  1 2011
-----------------------------------
^3SetTargetEnt() called on a non-broadcasting entity, may not show in client snapshots
Say $TRE$$[scope train]: QUICKMESSAGE_NO_SIR
==== ShutdownGame (0) ====
------- Game Initialization -------
gamename: Call of Duty 4
gamedate: Aug  1 2011
-----------------------------------
^3SetTargetEnt() called on a non-broadcasting entity, may not show in client snapshots
==== ShutdownGame (0) ====
------- Game Initialization -------
gamename: Call of Duty 4
gamedate: Aug  1 2011
-----------------------------------
^3SetTargetEnt() called on a non-broadcasting entity, may not show in client snapshots
Say $TRE$$[scope train]: QUICKMESSAGE_NO_SIR
==== ShutdownGame (0) ====
------- Game Initialization -------
gamename: Call of Duty 4
gamedate: Aug  1 2011
-----------------------------------
map_rotate...
"sv_mapRotation" is: " gametype sd map mp_backlot gametype sd map mp_crossfire gametype sd map mp_crash gametype sd map mp_strike "

"sv_mapRotationCurrent" is: "gametype sd map mp_crossfire gametype sd map mp_crash gametype sd map mp_strike "

==== ShutdownGame (1) ====
------ Server Initialization ------
Server: mp_crossfire
^3Warning: WARNING: Invalid IWD xiceops_00.iwd in \main.
Current language: english
Current fs_basepath: /home/iszee/Desktop/cod4/server/cod4
Current fs_homepath: /home/iszee/Desktop/cod4/server/cod4
Current search path:
/home/iszee/Desktop/cod4/server/cod4/mods/^1NO^31/pml220.iwd (89 files)
/home/iszee/Desktop/cod4/server/cod4/mods/^1NO^31
/home/iszee/Desktop/cod4/server/cod4/usermaps/mp_crossfire
/home/iszee/Desktop/cod4/server/cod4/main/xbase_00.iwd (20 files)
/home/iszee/Desktop/cod4/server/cod4/main/iw_13.iwd (265 files)
/home/iszee/Desktop/cod4/server/cod4/main/iw_12.iwd (33 files)
/home/iszee/Desktop/cod4/server/cod4/main/iw_11.iwd (448 files)
/home/iszee/Desktop/cod4/server/cod4/main/iw_10.iwd (230 files)
/home/iszee/Desktop/cod4/server/cod4/main/iw_09.iwd (447 files)
/home/iszee/Desktop/cod4/server/cod4/main/iw_08.iwd (66 files)
/home/iszee/Desktop/cod4/server/cod4/main/iw_07.iwd (34 files)
/home/iszee/Desktop/cod4/server/cod4/main/iw_06.iwd (416 files)
/home/iszee/Desktop/cod4/server/cod4/main/iw_05.iwd (716 files)
/home/iszee/Desktop/cod4/server/cod4/main/iw_04.iwd (765 files)
/home/iszee/Desktop/cod4/server/cod4/main/iw_03.iwd (670 files)
/home/iszee/Desktop/cod4/server/cod4/main/iw_02.iwd (1296 files)
/home/iszee/Desktop/cod4/server/cod4/main/iw_01.iwd (1456 files)
/home/iszee/Desktop/cod4/server/cod4/main/iw_00.iwd (1054 files)
/home/iszee/Desktop/cod4/server/cod4/main
/home/iszee/Desktop/cod4/server/cod4/main_shared
/home/iszee/Desktop/cod4/server/cod4/players
/home/iszee/Desktop/cod4/server/cod4/main/localized_english_iw06.iwd (7 files)
    localized assets iwd file for english
/home/iszee/Desktop/cod4/server/cod4/main/localized_english_iw05.iwd (1338 files)
    localized assets iwd file for english
/home/iszee/Desktop/cod4/server/cod4/main/localized_english_iw04.iwd (1730 files)
    localized assets iwd file for english
/home/iszee/Desktop/cod4/server/cod4/main/localized_english_iw03.iwd (3705 files)
    localized assets iwd file for english
/home/iszee/Desktop/cod4/server/cod4/main/localized_english_iw02.iwd (3483 files)
    localized assets iwd file for english
/home/iszee/Desktop/cod4/server/cod4/main/localized_english_iw01.iwd (3181 files)
    localized assets iwd file for english
/home/iszee/Desktop/cod4/server/cod4/main/localized_english_iw00.iwd (2903 files)
    localized assets iwd file for english

File Handles:
handle 1: qconsole.log
handle 3: enterleave.log
----------------------
24352 files in iwd files
Unloaded fastfile mp_backlot
Loading fastfile mp_crossfire
Loaded zone 'mp_crossfire'
------- Game Initialization -------
gamename: Call of Duty 4
gamedate: Aug  1 2011
fs_ignoreLocalized is cheat protected.
-----------------------------------
g_antilag is read only.
^1Error: Missing soundalias "weap_minigun_fire_plr".
^1Error: Missing soundalias "weap_intervention_fire_npc".
^1Error: Missing soundalias "weap_intervention_fire_plr".
By using this software you agree to the usage conditions you can find at https://github.com/callofduty4x/CoD4x_Server#usage-conditions-for-server-hosters
-----------------------------------
^4Calculate referenced files checksums...
^4CRC32 for main/iw_11.iwd is e9cf411f Len 151420446
^4CRC32 for mods/^1NO^31/pml220.iwd is 3808684 Len 12536231
^4CRC32 for zone/english/code_post_gfx_mp.ff is b144581c Len 89196
^4CRC32 for zone/english/mp_crossfire.ff is 7ccff4ad Len 36726189
^4CRC32 for zone/english/common_mp.ff is 4ef7a074 Len 13517381
^4CRC32 for mods/^1NO^31/mod.ff is e600d4dc Len 641820
^5Hitch warning: 2058 msec frame time
SV_ExecuteReliableMessage() cmd: 9
Received packet 0 of stats data
^2Processed 8201 bytes for client $TRE$$[scope train]
Player $TRE$$[scope train]^7, 0 dropped: EXE_DISCONNECTED
Received signal: Interrupt, exiting...
Server received signal: Interrupt
Shutting down server...
----- Server Shutdown -----

With the reason: 
Server received signal: Interrupt
Terminating server...
==== ShutdownGame (1) ====
---------------------------
